<?xml version="1.0" encoding="UTF-8"?>
<!-- Generated by org.testng.reporters.JUnitXMLReporter -->
<testsuite ignored="0" hostname="Arun" failures="0" tests="3" name="Default test" time="26.663" errors="0" timestamp="2022-11-25T21:00:21 IST">
  <testcase classname="SELENIUM.SELENIUM.Spartoo" name="siginUserName" time="1.183"/>
  <testcase classname="SELENIUM.SELENIUM.Spartoo" name="siginUserName" time="1.132"/>
  <testcase classname="SELENIUM.SELENIUM.Spartoo" name="siginUserName" time="1.132"/>
</testsuite> <!-- Default test -->
