<?xml version="1.0" encoding="UTF-8"?>
<testng-results ignored="0" total="4" passed="3" failed="1" skipped="0">
  <reporter-output>
  </reporter-output>
  <suite started-at="2022-12-04T09:24:53 IST" name="Suite" finished-at="2022-12-04T09:25:22 IST" duration-ms="29886">
    <groups>
    </groups>
    <test started-at="2022-12-04T09:24:53 IST" name="Test" finished-at="2022-12-04T09:25:22 IST" duration-ms="29886">
      <class name="SELENIUM.SELENIUM.networkExample">
        <test-method is-config="true" signature="clearCache()[pri:0, instance:SELENIUM.SELENIUM.networkExample@177515d1]" started-at="2022-12-04T09:24:53 IST" name="clearCache" finished-at="2022-12-04T09:25:06 IST" duration-ms="13508" status="PASS">
          <reporter-output>
          </reporter-output>
        </test-method> <!-- clearCache -->
        <test-method is-config="true" signature="testBrows()[pri:0, instance:SELENIUM.SELENIUM.networkExample@177515d1]" started-at="2022-12-04T09:25:06 IST" name="testBrows" finished-at="2022-12-04T09:25:22 IST" duration-ms="16242" status="PASS">
          <reporter-output>
          </reporter-output>
        </test-method> <!-- testBrows -->
        <test-method signature="getData()[pri:0, instance:SELENIUM.SELENIUM.networkExample@177515d1]" started-at="2022-12-04T09:25:22 IST" name="getData" finished-at="2022-12-04T09:25:22 IST" duration-ms="14" status="PASS">
          <reporter-output>
          </reporter-output>
        </test-method> <!-- getData -->
        <test-method signature="browser(java.lang.String)[pri:0, instance:SELENIUM.SELENIUM.networkExample@177515d1]" started-at="2022-12-04T09:25:22 IST" name="browser" finished-at="2022-12-04T09:25:22 IST" duration-ms="12" status="PASS">
          <params>
            <param index="0">
              <value>
                <![CDATA[chrome]]>
              </value>
            </param>
          </params>
          <reporter-output>
          </reporter-output>
        </test-method> <!-- browser -->
        <test-method signature="openBrowser()[pri:0, instance:SELENIUM.SELENIUM.networkExample@177515d1]" started-at="2022-12-04T09:25:22 IST" name="openBrowser" finished-at="2022-12-04T09:25:22 IST" duration-ms="22" status="FAIL">
          <exception class="org.openqa.selenium.NoSuchSessionException">
            <message>
              <![CDATA[invalid session id
Build info: version: '4.6.0', revision: '79f1c02ae20'
System info: os.name: 'Windows 11', os.arch: 'amd64', os.version: '10.0', java.version: '19.0.1'
Driver info: org.openqa.selenium.chrome.ChromeDriver
Command: [78cbb88d7fbee6dae6a326e89ba39ac9, executeScript {script=windows().open, args=[]}]
Capabilities {acceptInsecureCerts: false, browserName: chrome, browserVersion: 107.0.5304.123, chrome: {chromedriverVersion: 107.0.5304.62 (1eec40d3a576..., userDataDir: C:\Users\chinn\AppData\Loca...}, goog:chromeOptions: {debuggerAddress: localhost:55031}, networkConnectionEnabled: false, pageLoadStrategy: normal, platformName: WINDOWS, proxy: Proxy(), se:cdp: ws://localhost:55031/devtoo..., se:cdpVersion: 107.0.5304.123, setWindowRect: true, strictFileInteractability: false, timeouts: {implicit: 0, pageLoad: 300000, script: 30000}, unhandledPromptBehavior: dismiss and notify, webauthn:extension:credBlob: true, webauthn:extension:largeBlob: true, webauthn:virtualAuthenticators: true}
Session ID: 78cbb88d7fbee6dae6a326e89ba39ac9]]>
            </message>
            <full-stacktrace>
              <![CDATA[org.openqa.selenium.NoSuchSessionException: invalid session id
Build info: version: '4.6.0', revision: '79f1c02ae20'
System info: os.name: 'Windows 11', os.arch: 'amd64', os.version: '10.0', java.version: '19.0.1'
Driver info: org.openqa.selenium.chrome.ChromeDriver
Command: [78cbb88d7fbee6dae6a326e89ba39ac9, executeScript {script=windows().open, args=[]}]
Capabilities {acceptInsecureCerts: false, browserName: chrome, browserVersion: 107.0.5304.123, chrome: {chromedriverVersion: 107.0.5304.62 (1eec40d3a576..., userDataDir: C:\Users\chinn\AppData\Loca...}, goog:chromeOptions: {debuggerAddress: localhost:55031}, networkConnectionEnabled: false, pageLoadStrategy: normal, platformName: WINDOWS, proxy: Proxy(), se:cdp: ws://localhost:55031/devtoo..., se:cdpVersion: 107.0.5304.123, setWindowRect: true, strictFileInteractability: false, timeouts: {implicit: 0, pageLoad: 300000, script: 30000}, unhandledPromptBehavior: dismiss and notify, webauthn:extension:credBlob: true, webauthn:extension:largeBlob: true, webauthn:virtualAuthenticators: true}
Session ID: 78cbb88d7fbee6dae6a326e89ba39ac9
at java.base/jdk.internal.reflect.DirectConstructorHandleAccessor.newInstance(DirectConstructorHandleAccessor.java:67)
at java.base/java.lang.reflect.Constructor.newInstanceWithCaller(Constructor.java:500)
at java.base/java.lang.reflect.Constructor.newInstance(Constructor.java:484)
at org.openqa.selenium.remote.codec.w3c.W3CHttpResponseCodec.createException(W3CHttpResponseCodec.java:200)
at org.openqa.selenium.remote.codec.w3c.W3CHttpResponseCodec.decode(W3CHttpResponseCodec.java:133)
at org.openqa.selenium.remote.codec.w3c.W3CHttpResponseCodec.decode(W3CHttpResponseCodec.java:53)
at org.openqa.selenium.remote.HttpCommandExecutor.execute(HttpCommandExecutor.java:184)
at org.openqa.selenium.remote.service.DriverCommandExecutor.invokeExecute(DriverCommandExecutor.java:167)
at org.openqa.selenium.remote.service.DriverCommandExecutor.execute(DriverCommandExecutor.java:142)
at org.openqa.selenium.remote.RemoteWebDriver.execute(RemoteWebDriver.java:541)
at org.openqa.selenium.remote.RemoteWebDriver.executeScript(RemoteWebDriver.java:478)
at SELENIUM.SELENIUM.networkExample.openBrowser(networkExample.java:45)
at java.base/jdk.internal.reflect.DirectMethodHandleAccessor.invoke(DirectMethodHandleAccessor.java:104)
at java.base/java.lang.reflect.Method.invoke(Method.java:578)
at org.testng.internal.MethodInvocationHelper.invokeMethod(MethodInvocationHelper.java:133)
at org.testng.internal.TestInvoker.invokeMethod(TestInvoker.java:598)
at org.testng.internal.TestInvoker.invokeTestMethod(TestInvoker.java:173)
at org.testng.internal.MethodRunner.runInSequence(MethodRunner.java:46)
at org.testng.internal.TestInvoker$MethodInvocationAgent.invoke(TestInvoker.java:824)
at org.testng.internal.TestInvoker.invokeTestMethods(TestInvoker.java:146)
at org.testng.internal.TestMethodWorker.invokeTestMethods(TestMethodWorker.java:146)
at org.testng.internal.TestMethodWorker.run(TestMethodWorker.java:128)
at java.base/java.util.ArrayList.forEach(ArrayList.java:1511)
at org.testng.TestRunner.privateRun(TestRunner.java:794)
at org.testng.TestRunner.run(TestRunner.java:596)
at org.testng.SuiteRunner.runTest(SuiteRunner.java:377)
at org.testng.SuiteRunner.runSequentially(SuiteRunner.java:371)
at org.testng.SuiteRunner.privateRun(SuiteRunner.java:332)
at org.testng.SuiteRunner.run(SuiteRunner.java:276)
at org.testng.SuiteRunnerWorker.runSuite(SuiteRunnerWorker.java:53)
at org.testng.SuiteRunnerWorker.run(SuiteRunnerWorker.java:96)
at org.testng.TestNG.runSuitesSequentially(TestNG.java:1212)
at org.testng.TestNG.runSuitesLocally(TestNG.java:1134)
at org.testng.TestNG.runSuites(TestNG.java:1063)
at org.testng.TestNG.run(TestNG.java:1031)
at org.testng.remote.AbstractRemoteTestNG.run(AbstractRemoteTestNG.java:115)
at org.testng.remote.RemoteTestNG.initAndRun(RemoteTestNG.java:251)
at org.testng.remote.RemoteTestNG.main(RemoteTestNG.java:77)
]]>
            </full-stacktrace>
          </exception> <!-- org.openqa.selenium.NoSuchSessionException -->
          <reporter-output>
          </reporter-output>
        </test-method> <!-- openBrowser -->
        <test-method signature="test1(java.lang.String)[pri:0, instance:SELENIUM.SELENIUM.networkExample@177515d1]" started-at="2022-12-04T09:25:22 IST" name="test1" data-provider="setData" finished-at="2022-12-04T09:25:22 IST" depends-on-methods="SELENIUM.SELENIUM.networkExample.getData" duration-ms="2" status="PASS">
          <params>
            <param index="0">
              <value>
                <![CDATA[Arun]]>
              </value>
            </param>
          </params>
          <reporter-output>
          </reporter-output>
        </test-method> <!-- test1 -->
      </class> <!-- SELENIUM.SELENIUM.networkExample -->
    </test> <!-- Test -->
  </suite> <!-- Suite -->
</testng-results>
